2014-03-05 09:42:47,222 [Thread-9] ERROR StackTrace  - Full Stack Trace:
java.lang.reflect.InvocationTargetException
	at sun.reflect.NativeConstructorAccessorImpl.newInstance0(Native Method)
	at sun.reflect.NativeConstructorAccessorImpl.newInstance(NativeConstructorAccessorImpl.java:57)
	at sun.reflect.DelegatingConstructorAccessorImpl.newInstance(DelegatingConstructorAccessorImpl.java:45)
	at java.lang.reflect.Constructor.newInstance(Constructor.java:526)
	at org.springsource.loaded.ri.ReflectiveInterceptor.jlrConstructorNewInstance(ReflectiveInterceptor.java:975)
	at org.springsource.loaded.ri.ReflectiveInterceptor.jlClassNewInstance(ReflectiveInterceptor.java:962)
	at org.springframework.beans.BeanUtils.instantiate(BeanUtils.java:78)
	at org.codehaus.groovy.grails.commons.ClassPropertyFetcher$1.getReferenceInstance(ClassPropertyFetcher.java:76)
	at org.codehaus.groovy.grails.commons.ClassPropertyFetcher.getReference(ClassPropertyFetcher.java:96)
	at org.codehaus.groovy.grails.commons.AbstractGrailsClass.getReferenceInstance(AbstractGrailsClass.java:150)
	at org.codehaus.groovy.grails.commons.AbstractGrailsClass.getGroovyProperty(AbstractGrailsClass.java:263)
	at org.codehaus.groovy.grails.commons.AbstractGrailsClass.getPropertyValue(AbstractGrailsClass.java:248)
	at org.codehaus.groovy.grails.commons.GrailsClass$getPropertyValue$0.call(Unknown Source)
	at org.codehaus.groovy.grails.plugins.scaffolding.ScaffoldingGrailsPlugin.configureScaffoldingController(ScaffoldingGrailsPlugin.groovy:96)
	at org.codehaus.groovy.grails.plugins.scaffolding.ScaffoldingGrailsPlugin$configureScaffoldingController.callStatic(Unknown Source)
	at org.codehaus.groovy.grails.plugins.scaffolding.ScaffoldingGrailsPlugin.configureScaffolding(ScaffoldingGrailsPlugin.groovy:90)
	at sun.reflect.NativeMethodAccessorImpl.invoke0(Native Method)
	at sun.reflect.NativeMethodAccessorImpl.invoke(NativeMethodAccessorImpl.java:57)
	at sun.reflect.DelegatingMethodAccessorImpl.invoke(DelegatingMethodAccessorImpl.java:43)
	at java.lang.reflect.Method.invoke(Method.java:606)
	at org.springsource.loaded.ri.ReflectiveInterceptor.jlrMethodInvoke(ReflectiveInterceptor.java:1243)
	at org.codehaus.groovy.reflection.CachedMethod.invoke(CachedMethod.java:90)
	at groovy.lang.MetaMethod.doMethodInvoke(MetaMethod.java:233)
	at groovy.lang.MetaClassImpl.invokeMethod(MetaClassImpl.java:1082)
	at groovy.lang.ExpandoMetaClass.invokeMethod(ExpandoMetaClass.java:1106)
	at groovy.lang.MetaClassImpl.invokeMethod(MetaClassImpl.java:906)
	at groovy.lang.MetaClassImpl.invokeMethod(MetaClassImpl.java:1027)
	at groovy.lang.ExpandoMetaClass.invokeMethod(ExpandoMetaClass.java:1106)
	at groovy.lang.MetaClassImpl.invokeMethod(MetaClassImpl.java:906)
	at groovy.lang.MetaClassImpl.invokeMethod(MetaClassImpl.java:727)
	at groovy.lang.GroovyObjectSupport.invokeMethod(GroovyObjectSupport.java:44)
	at groovy.lang.MetaClassImpl.invokeMethodOnGroovyObject(MetaClassImpl.java:1147)
	at groovy.lang.MetaClassImpl.invokeMethod(MetaClassImpl.java:1041)
	at groovy.lang.ExpandoMetaClass.invokeMethod(ExpandoMetaClass.java:1106)
	at groovy.lang.MetaClassImpl.invokeMethod(MetaClassImpl.java:906)
	at org.codehaus.groovy.runtime.callsite.PogoMetaClassSite.callCurrent(PogoMetaClassSite.java:66)
	at org.codehaus.groovy.runtime.callsite.CallSiteArray.defaultCallCurrent(CallSiteArray.java:49)
	at org.codehaus.groovy.runtime.callsite.AbstractCallSite.callCurrent(AbstractCallSite.java:133)
	at org.codehaus.groovy.runtime.callsite.AbstractCallSite.callCurrent(AbstractCallSite.java:145)
	at org.codehaus.groovy.grails.plugins.scaffolding.ScaffoldingGrailsPlugin$_closure2_closure10.doCall(ScaffoldingGrailsPlugin.groovy:77)
	at org.codehaus.groovy.grails.plugins.scaffolding.ScaffoldingGrailsPlugin$_closure2_closure10.doCall(ScaffoldingGrailsPlugin.groovy)
	at sun.reflect.NativeMethodAccessorImpl.invoke0(Native Method)
	at sun.reflect.NativeMethodAccessorImpl.invoke(NativeMethodAccessorImpl.java:57)
	at sun.reflect.DelegatingMethodAccessorImpl.invoke(DelegatingMethodAccessorImpl.java:43)
	at java.lang.reflect.Method.invoke(Method.java:606)
	at org.springsource.loaded.ri.ReflectiveInterceptor.jlrMethodInvoke(ReflectiveInterceptor.java:1243)
	at org.codehaus.groovy.reflection.CachedMethod.invoke(CachedMethod.java:90)
	at groovy.lang.MetaMethod.doMethodInvoke(MetaMethod.java:233)
	at groovy.lang.MetaClassImpl.invokeMethod(MetaClassImpl.java:1082)
	at groovy.lang.ExpandoMetaClass.invokeMethod(ExpandoMetaClass.java:1106)
	at groovy.lang.MetaClassImpl.invokeMethod(MetaClassImpl.java:906)
	at groovy.lang.Closure.call(Closure.java:412)
	at groovy.lang.Closure.call(Closure.java:406)
	at groovy.lang.Closure.run(Closure.java:490)
	at java.lang.Thread.run(Thread.java:744)
Caused by: groovy.lang.MissingMethodException: No signature of method: metaltags.UsuarioController.propertyMissing() is applicable for argument types: () values: []
Possible solutions: propertyMissing(java.lang.String)
	at sun.reflect.NativeConstructorAccessorImpl.newInstance0(Native Method)
	at sun.reflect.NativeConstructorAccessorImpl.newInstance(NativeConstructorAccessorImpl.java:57)
	at sun.reflect.DelegatingConstructorAccessorImpl.newInstance(DelegatingConstructorAccessorImpl.java:45)
	at java.lang.reflect.Constructor.newInstance(Constructor.java:526)
	at org.springsource.loaded.ri.ReflectiveInterceptor.jlrConstructorNewInstance(ReflectiveInterceptor.java:975)
	at org.codehaus.groovy.reflection.CachedConstructor.invoke(CachedConstructor.java:77)
	at org.codehaus.groovy.reflection.CachedConstructor.doConstructorInvoke(CachedConstructor.java:71)
	at org.codehaus.groovy.runtime.callsite.ConstructorSite.callConstructor(ConstructorSite.java:42)
	at org.codehaus.groovy.runtime.callsite.AbstractCallSite.callConstructor(AbstractCallSite.java:194)
	at metaltags.UsuarioController.propertyMissing(UsuarioController.groovy)
	at sun.reflect.NativeMethodAccessorImpl.invoke0(Native Method)
	at sun.reflect.NativeMethodAccessorImpl.invoke(NativeMethodAccessorImpl.java:57)
	at sun.reflect.DelegatingMethodAccessorImpl.invoke(DelegatingMethodAccessorImpl.java:43)
	at java.lang.reflect.Method.invoke(Method.java:606)
	at org.springsource.loaded.ri.ReflectiveInterceptor.jlrMethodInvoke(ReflectiveInterceptor.java:1243)
	at org.codehaus.groovy.reflection.CachedMethod.invoke(CachedMethod.java:90)
	at groovy.lang.MetaClassImpl.invokeMissingProperty(MetaClassImpl.java:775)
	at groovy.lang.MetaClassImpl.getProperty(MetaClassImpl.java:1615)
	at groovy.lang.ExpandoMetaClass.getProperty(ExpandoMetaClass.java:1136)
	at groovy.lang.MetaClassImpl.getProperty(MetaClassImpl.java:3343)
	at groovy.lang.ExpandoMetaClass.getProperty(ExpandoMetaClass.java:1148)
	at org.codehaus.groovy.runtime.callsite.PogoMetaClassGetPropertySite.getProperty(PogoMetaClassGetPropertySite.java:48)
	at org.codehaus.groovy.runtime.callsite.AbstractCallSite.callGroovyObjectGetProperty(AbstractCallSite.java:231)
	at metaltags.UsuarioController.<init>(UsuarioController.groovy)
	... 55 more
2014-03-05 09:42:47,265 [Thread-9] ERROR StackTrace  - Full Stack Trace:
groovy.lang.MissingMethodException: No signature of method: metaltags.UsuarioController.propertyMissing() is applicable for argument types: () values: []
Possible solutions: propertyMissing(java.lang.String)
	at sun.reflect.NativeConstructorAccessorImpl.newInstance0(Native Method)
	at sun.reflect.NativeConstructorAccessorImpl.newInstance(NativeConstructorAccessorImpl.java:57)
	at sun.reflect.DelegatingConstructorAccessorImpl.newInstance(DelegatingConstructorAccessorImpl.java:45)
	at java.lang.reflect.Constructor.newInstance(Constructor.java:526)
	at org.springsource.loaded.ri.ReflectiveInterceptor.jlrConstructorNewInstance(ReflectiveInterceptor.java:975)
	at org.codehaus.groovy.reflection.CachedConstructor.invoke(CachedConstructor.java:77)
	at org.codehaus.groovy.reflection.CachedConstructor.doConstructorInvoke(CachedConstructor.java:71)
	at org.codehaus.groovy.runtime.callsite.ConstructorSite.callConstructor(ConstructorSite.java:42)
	at org.codehaus.groovy.runtime.callsite.AbstractCallSite.callConstructor(AbstractCallSite.java:194)
	at metaltags.UsuarioController.propertyMissing(UsuarioController.groovy)
	at sun.reflect.NativeMethodAccessorImpl.invoke0(Native Method)
	at sun.reflect.NativeMethodAccessorImpl.invoke(NativeMethodAccessorImpl.java:57)
	at sun.reflect.DelegatingMethodAccessorImpl.invoke(DelegatingMethodAccessorImpl.java:43)
	at java.lang.reflect.Method.invoke(Method.java:606)
	at org.springsource.loaded.ri.ReflectiveInterceptor.jlrMethodInvoke(ReflectiveInterceptor.java:1243)
	at org.codehaus.groovy.reflection.CachedMethod.invoke(CachedMethod.java:90)
	at groovy.lang.MetaClassImpl.invokeMissingProperty(MetaClassImpl.java:775)
	at groovy.lang.MetaClassImpl.getProperty(MetaClassImpl.java:1615)
	at groovy.lang.ExpandoMetaClass.getProperty(ExpandoMetaClass.java:1136)
	at groovy.lang.MetaClassImpl.getProperty(MetaClassImpl.java:3343)
	at groovy.lang.ExpandoMetaClass.getProperty(ExpandoMetaClass.java:1148)
	at org.codehaus.groovy.runtime.callsite.PogoMetaClassGetPropertySite.getProperty(PogoMetaClassGetPropertySite.java:48)
	at org.codehaus.groovy.runtime.callsite.AbstractCallSite.callGroovyObjectGetProperty(AbstractCallSite.java:231)
	at metaltags.UsuarioController.<init>(UsuarioController.groovy)
	at sun.reflect.NativeConstructorAccessorImpl.newInstance0(Native Method)
	at sun.reflect.NativeConstructorAccessorImpl.newInstance(NativeConstructorAccessorImpl.java:57)
	at sun.reflect.DelegatingConstructorAccessorImpl.newInstance(DelegatingConstructorAccessorImpl.java:45)
	at java.lang.reflect.Constructor.newInstance(Constructor.java:526)
	at org.springsource.loaded.ri.ReflectiveInterceptor.jlrConstructorNewInstance(ReflectiveInterceptor.java:975)
	at org.springsource.loaded.ri.ReflectiveInterceptor.jlClassNewInstance(ReflectiveInterceptor.java:962)
	at org.springframework.beans.BeanUtils.instantiate(BeanUtils.java:78)
	at org.codehaus.groovy.grails.commons.ClassPropertyFetcher$1.getReferenceInstance(ClassPropertyFetcher.java:76)
	at org.codehaus.groovy.grails.commons.ClassPropertyFetcher.getReference(ClassPropertyFetcher.java:96)
	at org.codehaus.groovy.grails.commons.AbstractGrailsClass.getReferenceInstance(AbstractGrailsClass.java:150)
	at org.codehaus.groovy.grails.commons.AbstractGrailsClass.getGroovyProperty(AbstractGrailsClass.java:263)
	at org.codehaus.groovy.grails.commons.AbstractGrailsClass.getPropertyValue(AbstractGrailsClass.java:248)
	at org.codehaus.groovy.grails.commons.GrailsClass$getPropertyValue$0.call(Unknown Source)
	at org.codehaus.groovy.grails.plugins.scaffolding.ScaffoldingGrailsPlugin.configureScaffoldingController(ScaffoldingGrailsPlugin.groovy:96)
	at org.codehaus.groovy.grails.plugins.scaffolding.ScaffoldingGrailsPlugin$configureScaffoldingController.callStatic(Unknown Source)
	at org.codehaus.groovy.grails.plugins.scaffolding.ScaffoldingGrailsPlugin.configureScaffolding(ScaffoldingGrailsPlugin.groovy:90)
	at sun.reflect.NativeMethodAccessorImpl.invoke0(Native Method)
	at sun.reflect.NativeMethodAccessorImpl.invoke(NativeMethodAccessorImpl.java:57)
	at sun.reflect.DelegatingMethodAccessorImpl.invoke(DelegatingMethodAccessorImpl.java:43)
	at java.lang.reflect.Method.invoke(Method.java:606)
	at org.springsource.loaded.ri.ReflectiveInterceptor.jlrMethodInvoke(ReflectiveInterceptor.java:1243)
	at org.codehaus.groovy.reflection.CachedMethod.invoke(CachedMethod.java:90)
	at groovy.lang.MetaMethod.doMethodInvoke(MetaMethod.java:233)
	at groovy.lang.MetaClassImpl.invokeMethod(MetaClassImpl.java:1082)
	at groovy.lang.ExpandoMetaClass.invokeMethod(ExpandoMetaClass.java:1106)
	at groovy.lang.MetaClassImpl.invokeMethod(MetaClassImpl.java:906)
	at groovy.lang.MetaClassImpl.invokeMethod(MetaClassImpl.java:1027)
	at groovy.lang.ExpandoMetaClass.invokeMethod(ExpandoMetaClass.java:1106)
	at groovy.lang.MetaClassImpl.invokeMethod(MetaClassImpl.java:906)
	at groovy.lang.MetaClassImpl.invokeMethod(MetaClassImpl.java:727)
	at groovy.lang.GroovyObjectSupport.invokeMethod(GroovyObjectSupport.java:44)
	at groovy.lang.MetaClassImpl.invokeMethodOnGroovyObject(MetaClassImpl.java:1147)
	at groovy.lang.MetaClassImpl.invokeMethod(MetaClassImpl.java:1041)
	at groovy.lang.ExpandoMetaClass.invokeMethod(ExpandoMetaClass.java:1106)
	at groovy.lang.MetaClassImpl.invokeMethod(MetaClassImpl.java:906)
	at org.codehaus.groovy.runtime.callsite.PogoMetaClassSite.callCurrent(PogoMetaClassSite.java:66)
	at org.codehaus.groovy.runtime.callsite.CallSiteArray.defaultCallCurrent(CallSiteArray.java:49)
	at org.codehaus.groovy.runtime.callsite.AbstractCallSite.callCurrent(AbstractCallSite.java:133)
	at org.codehaus.groovy.runtime.callsite.AbstractCallSite.callCurrent(AbstractCallSite.java:145)
	at org.codehaus.groovy.grails.plugins.scaffolding.ScaffoldingGrailsPlugin$_closure2_closure10.doCall(ScaffoldingGrailsPlugin.groovy:77)
	at org.codehaus.groovy.grails.plugins.scaffolding.ScaffoldingGrailsPlugin$_closure2_closure10.doCall(ScaffoldingGrailsPlugin.groovy)
	at sun.reflect.NativeMethodAccessorImpl.invoke0(Native Method)
	at sun.reflect.NativeMethodAccessorImpl.invoke(NativeMethodAccessorImpl.java:57)
	at sun.reflect.DelegatingMethodAccessorImpl.invoke(DelegatingMethodAccessorImpl.java:43)
	at java.lang.reflect.Method.invoke(Method.java:606)
	at org.springsource.loaded.ri.ReflectiveInterceptor.jlrMethodInvoke(ReflectiveInterceptor.java:1243)
	at org.codehaus.groovy.reflection.CachedMethod.invoke(CachedMethod.java:90)
	at groovy.lang.MetaMethod.doMethodInvoke(MetaMethod.java:233)
	at groovy.lang.MetaClassImpl.invokeMethod(MetaClassImpl.java:1082)
	at groovy.lang.ExpandoMetaClass.invokeMethod(ExpandoMetaClass.java:1106)
	at groovy.lang.MetaClassImpl.invokeMethod(MetaClassImpl.java:906)
	at groovy.lang.Closure.call(Closure.java:412)
	at groovy.lang.Closure.call(Closure.java:406)
	at groovy.lang.Closure.run(Closure.java:490)
	at java.lang.Thread.run(Thread.java:744)
2014-03-05 09:42:47,297 [Thread-9] ERROR StackTrace  - Full Stack Trace:
java.lang.reflect.InvocationTargetException
	at java.lang.Thread.run(Thread.java:744)
Caused by: groovy.lang.MissingMethodException: No signature of method: metaltags.UsuarioController.propertyMissing() is applicable for argument types: () values: []
Possible solutions: propertyMissing(java.lang.String)
	... 1 more
2014-03-05 09:42:47,324 [Thread-9] ERROR StackTrace  - Full Stack Trace:
java.lang.reflect.InvocationTargetException
	at java.lang.Thread.run(Thread.java:744)
Caused by: groovy.lang.MissingMethodException: No signature of method: metaltags.UsuarioController.propertyMissing() is applicable for argument types: () values: []
Possible solutions: propertyMissing(java.lang.String)
	... 1 more
2014-03-05 09:42:47,341 [Thread-9] ERROR StackTrace  - Full Stack Trace:
groovy.lang.MissingMethodException: No signature of method: metaltags.UsuarioController.propertyMissing() is applicable for argument types: () values: []
Possible solutions: propertyMissing(java.lang.String)
	at java.lang.Thread.run(Thread.java:744)
2014-03-05 09:42:47,353 [Thread-9] ERROR StackTrace  - Full Stack Trace:
java.lang.reflect.InvocationTargetException
	at java.lang.Thread.run(Thread.java:744)
Caused by: groovy.lang.MissingMethodException: No signature of method: metaltags.UsuarioController.propertyMissing() is applicable for argument types: () values: []
Possible solutions: propertyMissing(java.lang.String)
	... 1 more
